#
# There is insufficient memory for the Java Runtime Environment to continue.
# Native memory allocation (malloc) failed to allocate 994496 bytes for Chunk::new
# Possible reasons:
#   The system is out of physical RAM or swap space
#   The process is running with CompressedOops enabled, and the Java Heap may be blocking the growth of the native heap
# Possible solutions:
#   Reduce memory load on the system
#   Increase physical memory or swap space
#   Check if swap backing store is full
#   Decrease Java heap size (-Xmx/-Xms)
#   Decrease number of Java threads
#   Decrease Java thread stack sizes (-Xss)
#   Set larger code cache with -XX:ReservedCodeCacheSize=
#   JVM is running with Unscaled Compressed Oops mode in which the Java heap is
#     placed in the first 4GB address space. The Java Heap base address is the
#     maximum limit for the native heap growth. Please use -XX:HeapBaseMinAddress
#     to set the Java Heap base and to place the Java Heap above 4GB virtual address.
# This output file may be truncated or incomplete.
#
#  Out of Memory Error (arena.cpp:189), pid=7836, tid=9752
#
# JRE version: OpenJDK Runtime Environment Corretto-17.0.5.8.1 (17.0.5+8) (build 17.0.5+8-LTS)
# Java VM: OpenJDK 64-Bit Server VM Corretto-17.0.5.8.1 (17.0.5+8-LTS, mixed mode, sharing, tiered, compressed oops, compressed class ptrs, g1 gc, windows-amd64)
# No core dump will be written. Minidumps are not enabled by default on client versions of Windows
#

---------------  S U M M A R Y ------------

Command Line: -javaagent:C:\Users\anish\AppData\Local\JetBrains\Toolbox\apps\IDEA-C\ch-0\223.8617.56\lib\idea_rt.jar=64799:C:\Users\anish\AppData\Local\JetBrains\Toolbox\apps\IDEA-C\ch-0\223.8617.56\bin -Dfile.encoding=UTF-8 com.bej.springcloudapigateway.SpringCloudApiGatewayApplication

Host: AMD Ryzen 5 5600H with Radeon Graphics         , 12 cores, 5G,  Windows 11 , 64 bit Build 22621 (10.0.22621.1194)
Time: Mon Feb 20 17:23:52 2023 India Standard Time elapsed time: 2.344841 seconds (0d 0h 0m 2s)

---------------  T H R E A D  ---------------

Current thread (0x0000024540e47740):  JavaThread "C2 CompilerThread0" daemon [_thread_in_native, id=9752, stack(0x000000aafa700000,0x000000aafa800000)]


Current CompileTask:
C2:   2344 1829   !   4       jdk.internal.loader.URLClassPath$JarLoader::getResource (354 bytes)

Stack: [0x000000aafa700000,0x000000aafa800000]
Native frames: (J=compiled Java code, j=interpreted, Vv=VM code, C=native code)
V  [jvm.dll+0x646e0a]
V  [jvm.dll+0x7f7f14]
V  [jvm.dll+0x7f96ce]
V  [jvm.dll+0x7f9d23]
V  [jvm.dll+0x234c98]
V  [jvm.dll+0xbccfc]
V  [jvm.dll+0xbd2dc]
V  [jvm.dll+0x29be82]
V  [jvm.dll+0x5538e8]
V  [jvm.dll+0x2112fb]
V  [jvm.dll+0x20aa4f]
V  [jvm.dll+0x208722]
V  [jvm.dll+0x198a9d]
V  [jvm.dll+0x217bdd]
V  [jvm.dll+0x215e24]
V  [jvm.dll+0x7b06ab]
V  [jvm.dll+0x7aac5a]
V  [jvm.dll+0x645cd5]
C  [ucrtbase.dll+0x29363]
C  [KERNEL32.DLL+0x126bd]
C  [ntdll.dll+0x5dfb8]


---------------  P R O C E S S  ---------------

Threads class SMR info:
_java_thread_list=0x0000024542f7bf50, length=14, elements={
0x0000024523ae7ae0, 0x0000024540e238b0, 0x0000024540e26870, 0x0000024540e37190,
0x0000024540e37b40, 0x0000024540e384f0, 0x0000024540e38ea0, 0x0000024540e47740,
0x0000024540e48040, 0x0000024540e49620, 0x0000024540e0eeb0, 0x0000024541bf4ff0,
0x0000024541bf54c0, 0x0000024542900220
}

Java Threads: ( => current thread )
  0x0000024523ae7ae0 JavaThread "main" [_thread_in_native, id=10168, stack(0x000000aaf9a00000,0x000000aaf9b00000)]
  0x0000024540e238b0 JavaThread "Reference Handler" daemon [_thread_blocked, id=27800, stack(0x000000aafa100000,0x000000aafa200000)]
  0x0000024540e26870 JavaThread "Finalizer" daemon [_thread_blocked, id=21248, stack(0x000000aafa200000,0x000000aafa300000)]
  0x0000024540e37190 JavaThread "Signal Dispatcher" daemon [_thread_blocked, id=20100, stack(0x000000aafa300000,0x000000aafa400000)]
  0x0000024540e37b40 JavaThread "Attach Listener" daemon [_thread_blocked, id=4184, stack(0x000000aafa400000,0x000000aafa500000)]
  0x0000024540e384f0 JavaThread "Service Thread" daemon [_thread_blocked, id=9528, stack(0x000000aafa500000,0x000000aafa600000)]
  0x0000024540e38ea0 JavaThread "Monitor Deflation Thread" daemon [_thread_blocked, id=16300, stack(0x000000aafa600000,0x000000aafa700000)]
=>0x0000024540e47740 JavaThread "C2 CompilerThread0" daemon [_thread_in_native, id=9752, stack(0x000000aafa700000,0x000000aafa800000)]
  0x0000024540e48040 JavaThread "C1 CompilerThread0" daemon [_thread_blocked, id=21556, stack(0x000000aafa800000,0x000000aafa900000)]
  0x0000024540e49620 JavaThread "Sweeper thread" daemon [_thread_blocked, id=23692, stack(0x000000aafa900000,0x000000aafaa00000)]
  0x0000024540e0eeb0 JavaThread "Common-Cleaner" daemon [_thread_blocked, id=28104, stack(0x000000aafaa00000,0x000000aafab00000)]
  0x0000024541bf4ff0 JavaThread "Monitor Ctrl-Break" daemon [_thread_in_native, id=10116, stack(0x000000aafab00000,0x000000aafac00000)]
  0x0000024541bf54c0 JavaThread "Notification Thread" daemon [_thread_blocked, id=13628, stack(0x000000aafac00000,0x000000aafad00000)]
  0x0000024542900220 JavaThread "background-preinit" [_thread_in_native, id=19676, stack(0x000000aafb400000,0x000000aafb500000)]

Other Threads:
  0x0000024540e1e9c0 VMThread "VM Thread" [stack: 0x000000aafa000000,0x000000aafa100000] [id=23344]
  0x0000024523b4a910 WatcherThread [stack: 0x000000aafad00000,0x000000aafae00000] [id=3212]
  0x0000024523b34a50 GCTaskThread "GC Thread#0" [stack: 0x000000aaf9b00000,0x000000aaf9c00000] [id=23320]
  0x0000024542aabc00 GCTaskThread "GC Thread#1" [stack: 0x000000aafae00000,0x000000aafaf00000] [id=25232]
  0x000002454248da50 GCTaskThread "GC Thread#2" [stack: 0x000000aafaf00000,0x000000aafb000000] [id=22724]
  0x0000024542982c50 GCTaskThread "GC Thread#3" [stack: 0x000000aafb000000,0x000000aafb100000] [id=13132]
  0x0000024542481a00 GCTaskThread "GC Thread#4" [stack: 0x000000aafb100000,0x000000aafb200000] [id=29948]
  0x00000245424c1a30 GCTaskThread "GC Thread#5" [stack: 0x000000aafb200000,0x000000aafb300000] [id=29308]
  0x0000024542aa73d0 GCTaskThread "GC Thread#6" [stack: 0x000000aafb300000,0x000000aafb400000] [id=7568]
  0x0000024542b676b0 GCTaskThread "GC Thread#7" [stack: 0x000000aafb500000,0x000000aafb600000] [id=20896]
  0x0000024542b67400 GCTaskThread "GC Thread#8" [stack: 0x000000aafb600000,0x000000aafb700000] [id=11924]
  0x0000024542b68420 GCTaskThread "GC Thread#9" [stack: 0x000000aafb700000,0x000000aafb800000] [id=24072]
  0x0000024523b3e620 ConcurrentGCThread "G1 Main Marker" [stack: 0x000000aaf9c00000,0x000000aaf9d00000] [id=7380]
  0x0000024523b3f3a0 ConcurrentGCThread "G1 Conc#0" [stack: 0x000000aaf9d00000,0x000000aaf9e00000] [id=14616]
  0x0000024540ce4fc0 ConcurrentGCThread "G1 Refine#0" [stack: 0x000000aaf9e00000,0x000000aaf9f00000] [id=23632]
  0x0000024540ce5880 ConcurrentGCThread "G1 Service" [stack: 0x000000aaf9f00000,0x000000aafa000000] [id=13308]

Threads with active compile tasks:
C2 CompilerThread0     2379 1829   !   4       jdk.internal.loader.URLClassPath$JarLoader::getResource (354 bytes)

VM state: not at safepoint (normal execution)

VM Mutex/Monitor currently owned by a thread: None

Heap address: 0x00000000a2400000, size: 1500 MB, Compressed Oops mode: 32-bit

CDS archive(s) mapped at: [0x0000000800000000-0x0000000800bc0000-0x0000000800bc0000), size 12320768, SharedBaseAddress: 0x0000000800000000, ArchiveRelocationMode: 0.
Compressed class space mapped at: 0x0000000800c00000-0x0000000840c00000, reserved size: 1073741824
Narrow klass base: 0x0000000800000000, Narrow klass shift: 0, Narrow klass range: 0x100000000

GC Precious Log:
 CPUs: 12 total, 12 available
 Memory: 5996M
 Large Page Support: Disabled
 NUMA Support: Disabled
 Compressed Oops: Enabled (32-bit)
 Heap Region Size: 1M
 Heap Min Capacity: 8M
 Heap Initial Capacity: 94M
 Heap Max Capacity: 1500M
 Pre-touch: Disabled
 Parallel Workers: 10
 Concurrent Workers: 3
 Concurrent Refinement Workers: 10
 Periodic GC: Disabled

Heap:
 garbage-first heap   total 96256K, used 32607K [0x00000000a2400000, 0x0000000100000000)
  region size 1024K, 28 young (28672K), 2 survivors (2048K)
 Metaspace       used 16595K, committed 16896K, reserved 1064960K
  class space    used 2125K, committed 2240K, reserved 1048576K

Heap Regions: E=young(eden), S=young(survivor), O=old, HS=humongous(starts), HC=humongous(continues), CS=collection set, F=free, OA=open archive, CA=closed archive, TAMS=top-at-mark-start (previous, next)
|   0|0x00000000a2400000, 0x00000000a2500000, 0x00000000a2500000|100%| O|  |TAMS 0x00000000a2400000, 0x00000000a2400000| Untracked 
|   1|0x00000000a2500000, 0x00000000a2600000, 0x00000000a2600000|100%| O|  |TAMS 0x00000000a2500000, 0x00000000a2500000| Untracked 
|   2|0x00000000a2600000, 0x00000000a2700000, 0x00000000a2700000|100%| O|  |TAMS 0x00000000a2600000, 0x00000000a2600000| Untracked 
|   3|0x00000000a2700000, 0x00000000a2800000, 0x00000000a2800000|100%| O|  |TAMS 0x00000000a2700000, 0x00000000a2700000| Untracked 
|   4|0x00000000a2800000, 0x00000000a2900000, 0x00000000a2900000|100%| O|  |TAMS 0x00000000a2800000, 0x00000000a2800000| Untracked 
|   5|0x00000000a2900000, 0x00000000a2a00000, 0x00000000a2a00000|100%| O|  |TAMS 0x00000000a2900000, 0x00000000a2900000| Untracked 
|   6|0x00000000a2a00000, 0x00000000a2ae5800, 0x00000000a2b00000| 89%| O|  |TAMS 0x00000000a2a00000, 0x00000000a2a00000| Untracked 
|   7|0x00000000a2b00000, 0x00000000a2b00000, 0x00000000a2c00000|  0%| F|  |TAMS 0x00000000a2b00000, 0x00000000a2b00000| Untracked 
|   8|0x00000000a2c00000, 0x00000000a2c00000, 0x00000000a2d00000|  0%| F|  |TAMS 0x00000000a2c00000, 0x00000000a2c00000| Untracked 
|   9|0x00000000a2d00000, 0x00000000a2d00000, 0x00000000a2e00000|  0%| F|  |TAMS 0x00000000a2d00000, 0x00000000a2d00000| Untracked 
|  10|0x00000000a2e00000, 0x00000000a2e00000, 0x00000000a2f00000|  0%| F|  |TAMS 0x00000000a2e00000, 0x00000000a2e00000| Untracked 
|  11|0x00000000a2f00000, 0x00000000a2f00000, 0x00000000a3000000|  0%| F|  |TAMS 0x00000000a2f00000, 0x00000000a2f00000| Untracked 
|  12|0x00000000a3000000, 0x00000000a3000000, 0x00000000a3100000|  0%| F|  |TAMS 0x00000000a3000000, 0x00000000a3000000| Untracked 
|  13|0x00000000a3100000, 0x00000000a3100000, 0x00000000a3200000|  0%| F|  |TAMS 0x00000000a3100000, 0x00000000a3100000| Untracked 
|  14|0x00000000a3200000, 0x00000000a3200000, 0x00000000a3300000|  0%| F|  |TAMS 0x00000000a3200000, 0x00000000a3200000| Untracked 
|  15|0x00000000a3300000, 0x00000000a3300000, 0x00000000a3400000|  0%| F|  |TAMS 0x00000000a3300000, 0x00000000a3300000| Untracked 
|  16|0x00000000a3400000, 0x00000000a3400000, 0x00000000a3500000|  0%| F|  |TAMS 0x00000000a3400000, 0x00000000a3400000| Untracked 
|  17|0x00000000a3500000, 0x00000000a3500000, 0x00000000a3600000|  0%| F|  |TAMS 0x00000000a3500000, 0x00000000a3500000| Untracked 
|  18|0x00000000a3600000, 0x00000000a3600000, 0x00000000a3700000|  0%| F|  |TAMS 0x00000000a3600000, 0x00000000a3600000| Untracked 
|  19|0x00000000a3700000, 0x00000000a3700000, 0x00000000a3800000|  0%| F|  |TAMS 0x00000000a3700000, 0x00000000a3700000| Untracked 
|  20|0x00000000a3800000, 0x00000000a3800000, 0x00000000a3900000|  0%| F|  |TAMS 0x00000000a3800000, 0x00000000a3800000| Untracked 
|  21|0x00000000a3900000, 0x00000000a3900000, 0x00000000a3a00000|  0%| F|  |TAMS 0x00000000a3900000, 0x00000000a3900000| Untracked 
|  22|0x00000000a3a00000, 0x00000000a3a00000, 0x00000000a3b00000|  0%| F|  |TAMS 0x00000000a3a00000, 0x00000000a3a00000| Untracked 
|  23|0x00000000a3b00000, 0x00000000a3b00000, 0x00000000a3c00000|  0%| F|  |TAMS 0x00000000a3b00000, 0x00000000a3b00000| Untracked 
|  24|0x00000000a3c00000, 0x00000000a3c00000, 0x00000000a3d00000|  0%| F|  |TAMS 0x00000000a3c00000, 0x00000000a3c00000| Untracked 
|  25|0x00000000a3d00000, 0x00000000a3d00000, 0x00000000a3e00000|  0%| F|  |TAMS 0x00000000a3d00000, 0x00000000a3d00000| Untracked 
|  26|0x00000000a3e00000, 0x00000000a3e00000, 0x00000000a3f00000|  0%| F|  |TAMS 0x00000000a3e00000, 0x00000000a3e00000| Untracked 
|  27|0x00000000a3f00000, 0x00000000a3f00000, 0x00000000a4000000|  0%| F|  |TAMS 0x00000000a3f00000, 0x00000000a3f00000| Untracked 
|  28|0x00000000a4000000, 0x00000000a4000000, 0x00000000a4100000|  0%| F|  |TAMS 0x00000000a4000000, 0x00000000a4000000| Untracked 
|  29|0x00000000a4100000, 0x00000000a4100000, 0x00000000a4200000|  0%| F|  |TAMS 0x00000000a4100000, 0x00000000a4100000| Untracked 
|  30|0x00000000a4200000, 0x00000000a4200000, 0x00000000a4300000|  0%| F|  |TAMS 0x00000000a4200000, 0x00000000a4200000| Untracked 
|  31|0x00000000a4300000, 0x00000000a4300000, 0x00000000a4400000|  0%| F|  |TAMS 0x00000000a4300000, 0x00000000a4300000| Untracked 
|  32|0x00000000a4400000, 0x00000000a4400000, 0x00000000a4500000|  0%| F|  |TAMS 0x00000000a4400000, 0x00000000a4400000| Untracked 
|  33|0x00000000a4500000, 0x00000000a4500000, 0x00000000a4600000|  0%| F|  |TAMS 0x00000000a4500000, 0x00000000a4500000| Untracked 
|  34|0x00000000a4600000, 0x00000000a4600000, 0x00000000a4700000|  0%| F|  |TAMS 0x00000000a4600000, 0x00000000a4600000| Untracked 
|  35|0x00000000a4700000, 0x00000000a4700000, 0x00000000a4800000|  0%| F|  |TAMS 0x00000000a4700000, 0x00000000a4700000| Untracked 
|  36|0x00000000a4800000, 0x00000000a4800000, 0x00000000a4900000|  0%| F|  |TAMS 0x00000000a4800000, 0x00000000a4800000| Untracked 
|  37|0x00000000a4900000, 0x00000000a4900000, 0x00000000a4a00000|  0%| F|  |TAMS 0x00000000a4900000, 0x00000000a4900000| Untracked 
|  38|0x00000000a4a00000, 0x00000000a4a00000, 0x00000000a4b00000|  0%| F|  |TAMS 0x00000000a4a00000, 0x00000000a4a00000| Untracked 
|  39|0x00000000a4b00000, 0x00000000a4b00000, 0x00000000a4c00000|  0%| F|  |TAMS 0x00000000a4b00000, 0x00000000a4b00000| Untracked 
|  40|0x00000000a4c00000, 0x00000000a4c00000, 0x00000000a4d00000|  0%| F|  |TAMS 0x00000000a4c00000, 0x00000000a4c00000| Untracked 
|  41|0x00000000a4d00000, 0x00000000a4d00000, 0x00000000a4e00000|  0%| F|  |TAMS 0x00000000a4d00000, 0x00000000a4d00000| Untracked 
|  42|0x00000000a4e00000, 0x00000000a4e00000, 0x00000000a4f00000|  0%| F|  |TAMS 0x00000000a4e00000, 0x00000000a4e00000| Untracked 
|  43|0x00000000a4f00000, 0x00000000a4f00000, 0x00000000a5000000|  0%| F|  |TAMS 0x00000000a4f00000, 0x00000000a4f00000| Untracked 
|  44|0x00000000a5000000, 0x00000000a5000000, 0x00000000a5100000|  0%| F|  |TAMS 0x00000000a5000000, 0x00000000a5000000| Untracked 
|  45|0x00000000a5100000, 0x00000000a5100000, 0x00000000a5200000|  0%| F|  |TAMS 0x00000000a5100000, 0x00000000a5100000| Untracked 
|  46|0x00000000a5200000, 0x00000000a5200000, 0x00000000a5300000|  0%| F|  |TAMS 0x00000000a5200000, 0x00000000a5200000| Untracked 
|  47|0x00000000a5300000, 0x00000000a5300000, 0x00000000a5400000|  0%| F|  |TAMS 0x00000000a5300000, 0x00000000a5300000| Untracked 
|  48|0x00000000a5400000, 0x00000000a5400000, 0x00000000a5500000|  0%| F|  |TAMS 0x00000000a5400000, 0x00000000a5400000| Untracked 
|  49|0x00000000a5500000, 0x00000000a5500000, 0x00000000a5600000|  0%| F|  |TAMS 0x00000000a5500000, 0x00000000a5500000| Untracked 
|  50|0x00000000a5600000, 0x00000000a5600000, 0x00000000a5700000|  0%| F|  |TAMS 0x00000000a5600000, 0x00000000a5600000| Untracked 
|  51|0x00000000a5700000, 0x00000000a5700000, 0x00000000a5800000|  0%| F|  |TAMS 0x00000000a5700000, 0x00000000a5700000| Untracked 
|  52|0x00000000a5800000, 0x00000000a5800000, 0x00000000a5900000|  0%| F|  |TAMS 0x00000000a5800000, 0x00000000a5800000| Untracked 
|  53|0x00000000a5900000, 0x00000000a5900000, 0x00000000a5a00000|  0%| F|  |TAMS 0x00000000a5900000, 0x00000000a5900000| Untracked 
|  54|0x00000000a5a00000, 0x00000000a5a00000, 0x00000000a5b00000|  0%| F|  |TAMS 0x00000000a5a00000, 0x00000000a5a00000| Untracked 
|  55|0x00000000a5b00000, 0x00000000a5b00000, 0x00000000a5c00000|  0%| F|  |TAMS 0x00000000a5b00000, 0x00000000a5b00000| Untracked 
|  56|0x00000000a5c00000, 0x00000000a5c00000, 0x00000000a5d00000|  0%| F|  |TAMS 0x00000000a5c00000, 0x00000000a5c00000| Untracked 
|  57|0x00000000a5d00000, 0x00000000a5d00000, 0x00000000a5e00000|  0%| F|  |TAMS 0x00000000a5d00000, 0x00000000a5d00000| Untracked 
|  58|0x00000000a5e00000, 0x00000000a5e00000, 0x00000000a5f00000|  0%| F|  |TAMS 0x00000000a5e00000, 0x00000000a5e00000| Untracked 
|  59|0x00000000a5f00000, 0x00000000a5f00000, 0x00000000a6000000|  0%| F|  |TAMS 0x00000000a5f00000, 0x00000000a5f00000| Untracked 
|  60|0x00000000a6000000, 0x00000000a6000000, 0x00000000a6100000|  0%| F|  |TAMS 0x00000000a6000000, 0x00000000a6000000| Untracked 
|  61|0x00000000a6100000, 0x00000000a6100000, 0x00000000a6200000|  0%| F|  |TAMS 0x00000000a6100000, 0x00000000a6100000| Untracked 
|  62|0x00000000a6200000, 0x00000000a6200000, 0x00000000a6300000|  0%| F|  |TAMS 0x00000000a6200000, 0x00000000a6200000| Untracked 
|  63|0x00000000a6300000, 0x00000000a6300000, 0x00000000a6400000|  0%| F|  |TAMS 0x00000000a6300000, 0x00000000a6300000| Untracked 
|  64|0x00000000a6400000, 0x00000000a6400000, 0x00000000a6500000|  0%| F|  |TAMS 0x00000000a6400000, 0x00000000a6400000| Untracked 
|  65|0x00000000a6500000, 0x00000000a6500000, 0x00000000a6600000|  0%| F|  |TAMS 0x00000000a6500000, 0x00000000a6500000| Untracked 
|  66|0x00000000a6600000, 0x00000000a66f2700, 0x00000000a6700000| 94%| S|CS|TAMS 0x00000000a6600000, 0x00000000a6600000| Complete 
|  67|0x00000000a6700000, 0x00000000a6800000, 0x00000000a6800000|100%| S|CS|TAMS 0x00000000a6700000, 0x00000000a6700000| Complete 
|  68|0x00000000a6800000, 0x00000000a68b7288, 0x00000000a6900000| 71%| E|  |TAMS 0x00000000a6800000, 0x00000000a6800000| Complete 
|  69|0x00000000a6900000, 0x00000000a6a00000, 0x00000000a6a00000|100%| E|CS|TAMS 0x00000000a6900000, 0x00000000a6900000| Complete 
|  70|0x00000000a6a00000, 0x00000000a6b00000, 0x00000000a6b00000|100%| E|CS|TAMS 0x00000000a6a00000, 0x00000000a6a00000| Complete 
|  71|0x00000000a6b00000, 0x00000000a6c00000, 0x00000000a6c00000|100%| E|CS|TAMS 0x00000000a6b00000, 0x00000000a6b00000| Complete 
|  72|0x00000000a6c00000, 0x00000000a6d00000, 0x00000000a6d00000|100%| E|CS|TAMS 0x00000000a6c00000, 0x00000000a6c00000| Complete 
|  73|0x00000000a6d00000, 0x00000000a6e00000, 0x00000000a6e00000|100%| E|CS|TAMS 0x00000000a6d00000, 0x00000000a6d00000| Complete 
|  74|0x00000000a6e00000, 0x00000000a6f00000, 0x00000000a6f00000|100%| E|CS|TAMS 0x00000000a6e00000, 0x00000000a6e00000| Complete 
|  75|0x00000000a6f00000, 0x00000000a7000000, 0x00000000a7000000|100%| E|CS|TAMS 0x00000000a6f00000, 0x00000000a6f00000| Complete 
|  76|0x00000000a7000000, 0x00000000a7100000, 0x00000000a7100000|100%| E|CS|TAMS 0x00000000a7000000, 0x00000000a7000000| Complete 
|  77|0x00000000a7100000, 0x00000000a7200000, 0x00000000a7200000|100%| E|CS|TAMS 0x00000000a7100000, 0x00000000a7100000| Complete 
|  78|0x00000000a7200000, 0x00000000a7300000, 0x00000000a7300000|100%| E|CS|TAMS 0x00000000a7200000, 0x00000000a7200000| Complete 
|  79|0x00000000a7300000, 0x00000000a7400000, 0x00000000a7400000|100%| E|CS|TAMS 0x00000000a7300000, 0x00000000a7300000| Complete 
|  80|0x00000000a7400000, 0x00000000a7500000, 0x00000000a7500000|100%| E|CS|TAMS 0x00000000a7400000, 0x00000000a7400000| Complete 
|  81|0x00000000a7500000, 0x00000000a7600000, 0x00000000a7600000|100%| E|CS|TAMS 0x00000000a7500000, 0x00000000a7500000| Complete 
|  82|0x00000000a7600000, 0x00000000a7700000, 0x00000000a7700000|100%| E|  |TAMS 0x00000000a7600000, 0x00000000a7600000| Complete 
|  83|0x00000000a7700000, 0x00000000a7800000, 0x00000000a7800000|100%| E|CS|TAMS 0x00000000a7700000, 0x00000000a7700000| Complete 
|  84|0x00000000a7800000, 0x00000000a7900000, 0x00000000a7900000|100%| E|CS|TAMS 0x00000000a7800000, 0x00000000a7800000| Complete 
|  85|0x00000000a7900000, 0x00000000a7a00000, 0x00000000a7a00000|100%| E|CS|TAMS 0x00000000a7900000, 0x00000000a7900000| Complete 
|  86|0x00000000a7a00000, 0x00000000a7b00000, 0x00000000a7b00000|100%| E|CS|TAMS 0x00000000a7a00000, 0x00000000a7a00000| Complete 
|  87|0x00000000a7b00000, 0x00000000a7c00000, 0x00000000a7c00000|100%| E|CS|TAMS 0x00000000a7b00000, 0x00000000a7b00000| Complete 
|  88|0x00000000a7c00000, 0x00000000a7d00000, 0x00000000a7d00000|100%| E|CS|TAMS 0x00000000a7c00000, 0x00000000a7c00000| Complete 
|  89|0x00000000a7d00000, 0x00000000a7e00000, 0x00000000a7e00000|100%| E|CS|TAMS 0x00000000a7d00000, 0x00000000a7d00000| Complete 
|  90|0x00000000a7e00000, 0x00000000a7f00000, 0x00000000a7f00000|100%| E|CS|TAMS 0x00000000a7e00000, 0x00000000a7e00000| Complete 
|  91|0x00000000a7f00000, 0x00000000a8000000, 0x00000000a8000000|100%| E|CS|TAMS 0x00000000a7f00000, 0x00000000a7f00000| Complete 
|  92|0x00000000a8000000, 0x00000000a8100000, 0x00000000a8100000|100%| E|CS|TAMS 0x00000000a8000000, 0x00000000a8000000| Complete 
|  93|0x00000000a8100000, 0x00000000a8200000, 0x00000000a8200000|100%| E|CS|TAMS 0x00000000a8100000, 0x00000000a8100000| Complete 

Card table byte_map: [0x000002453ae20000,0x000002453b110000] _byte_map_base: 0x000002453a90e000

Marking Bits (Prev, Next): (CMBitMap*) 0x0000024523b35060, (CMBitMap*) 0x0000024523b350a0
 Prev Bits: [0x000002453b400000, 0x000002453cb70000)
 Next Bits: [0x000002453cb70000, 0x000002453e2e0000)

Polling page: 0x0000024521a50000

Metaspace:

Usage:
  Non-class:     14.18 MB used.
      Class:      2.08 MB used.
       Both:     16.26 MB used.

Virtual space:
  Non-class space:       16.00 MB reserved,      14.31 MB ( 89%) committed,  2 nodes.
      Class space:        1.00 GB reserved,       2.19 MB ( <1%) committed,  1 nodes.
             Both:        1.02 GB reserved,      16.50 MB (  2%) committed. 

Chunk freelists:
   Non-Class:  976.00 KB
       Class:  1.70 MB
        Both:  2.66 MB

MaxMetaspaceSize: unlimited
CompressedClassSpaceSize: 1.00 GB
Initial GC threshold: 21.00 MB
Current GC threshold: 21.00 MB
CDS: on
MetaspaceReclaimPolicy: balanced
 - commit_granule_bytes: 65536.
 - commit_granule_words: 8192.
 - virtual_space_node_default_size: 1048576.
 - enlarge_chunks_in_place: 1.
 - new_chunks_are_fully_committed: 0.
 - uncommit_free_chunks: 1.
 - use_allocation_guard: 0.
 - handle_deallocations: 1.


Internal statistics:

num_allocs_failed_limit: 0.
num_arena_births: 180.
num_arena_deaths: 0.
num_vsnodes_births: 3.
num_vsnodes_deaths: 0.
num_space_committed: 264.
num_space_uncommitted: 0.
num_chunks_returned_to_freelist: 0.
num_chunks_taken_from_freelist: 702.
num_chunk_merges: 0.
num_chunk_splits: 498.
num_chunks_enlarged: 395.
num_purges: 0.
num_inconsistent_stats: 0.

CodeHeap 'non-profiled nmethods': size=120000Kb used=714Kb max_used=714Kb free=119285Kb
 bounds [0x00000245330a0000, 0x0000024533310000, 0x000002453a5d0000]
CodeHeap 'profiled nmethods': size=120000Kb used=3971Kb max_used=3971Kb free=116028Kb
 bounds [0x000002452bb70000, 0x000002452bf60000, 0x00000245330a0000]
CodeHeap 'non-nmethods': size=5760Kb used=1177Kb max_used=1199Kb free=4582Kb
 bounds [0x000002452b5d0000, 0x000002452b840000, 0x000002452bb70000]
 total_blobs=2571 nmethods=2098 adapters=385
 compilation: enabled
              stopped_count=0, restarted_count=0
 full_count=0

Compilation events (20 events):
Event: 2.318 Thread 0x0000024540e48040 2042       1       java.lang.Enum::name (5 bytes)
Event: 2.318 Thread 0x0000024540e48040 nmethod 2042 0x0000024533150b10 code [0x0000024533150ca0, 0x0000024533150d78]
Event: 2.321 Thread 0x0000024540e48040 2043       3       org.springframework.boot.autoconfigure.AutoConfigurationMetadataLoader$PropertiesAutoConfigurationMetadata::get (8 bytes)
Event: 2.321 Thread 0x0000024540e48040 nmethod 2043 0x000002452bf37210 code [0x000002452bf373c0, 0x000002452bf37508]
Event: 2.321 Thread 0x0000024540e48040 2044       3       org.springframework.boot.autoconfigure.AutoConfigurationMetadataLoader$PropertiesAutoConfigurationMetadata::get (44 bytes)
Event: 2.321 Thread 0x0000024540e48040 nmethod 2044 0x000002452bf37610 code [0x000002452bf37860, 0x000002452bf37fa8]
Event: 2.328 Thread 0x0000024540e48040 2045       1       org.springframework.boot.autoconfigure.condition.FilteringSpringBootCondition::getBeanClassLoader (5 bytes)
Event: 2.328 Thread 0x0000024540e48040 nmethod 2045 0x0000024533150e10 code [0x0000024533150fa0, 0x0000024533151078]
Event: 2.330 Thread 0x0000024540e48040 2046       3       java.lang.invoke.BoundMethodHandle::<init> (32 bytes)
Event: 2.330 Thread 0x0000024540e48040 nmethod 2046 0x000002452bf38290 code [0x000002452bf38440, 0x000002452bf385a8]
Event: 2.330 Thread 0x0000024540e48040 2049       3       java.lang.Module::implIsExportedOrOpen (92 bytes)
Event: 2.331 Thread 0x0000024540e48040 nmethod 2049 0x000002452bf38690 code [0x000002452bf388c0, 0x000002452bf38fd8]
Event: 2.331 Thread 0x0000024540e48040 2047       3       java.lang.invoke.DirectMethodHandle::make (275 bytes)
Event: 2.332 Thread 0x0000024540e48040 nmethod 2047 0x000002452bf39190 code [0x000002452bf39520, 0x000002452bf3a998]
Event: 2.332 Thread 0x0000024540e48040 2048       3       java.lang.invoke.MemberName::isField (8 bytes)
Event: 2.332 Thread 0x0000024540e48040 nmethod 2048 0x000002452bf3b190 code [0x000002452bf3b340, 0x000002452bf3b578]
Event: 2.332 Thread 0x0000024540e48040 2050       3       java.util.stream.ReduceOps$3ReducingSink::accept (15 bytes)
Event: 2.332 Thread 0x0000024540e48040 nmethod 2050 0x000002452bf3b690 code [0x000002452bf3b840, 0x000002452bf3ba28]
Event: 2.332 Thread 0x0000024540e48040 2051       3       java.util.zip.ZipUtils::get16 (21 bytes)
Event: 2.332 Thread 0x0000024540e48040 nmethod 2051 0x000002452bf3bb10 code [0x000002452bf3bca0, 0x000002452bf3bdf8]

GC Heap History (4 events):
Event: 1.096 GC heap before
{Heap before GC invocations=0 (full 0):
 garbage-first heap   total 96256K, used 23552K [0x00000000a2400000, 0x0000000100000000)
  region size 1024K, 23 young (23552K), 0 survivors (0K)
 Metaspace       used 5690K, committed 5824K, reserved 1056768K
  class space    used 644K, committed 704K, reserved 1048576K
}
Event: 1.112 GC heap after
{Heap after GC invocations=1 (full 0):
 garbage-first heap   total 96256K, used 6829K [0x00000000a2400000, 0x0000000100000000)
  region size 1024K, 3 young (3072K), 3 survivors (3072K)
 Metaspace       used 5690K, committed 5824K, reserved 1056768K
  class space    used 644K, committed 704K, reserved 1048576K
}
Event: 2.030 GC heap before
{Heap before GC invocations=1 (full 0):
 garbage-first heap   total 96256K, used 29357K [0x00000000a2400000, 0x0000000100000000)
  region size 1024K, 26 young (26624K), 3 survivors (3072K)
 Metaspace       used 11480K, committed 11712K, reserved 1064960K
  class space    used 1455K, committed 1536K, reserved 1048576K
}
Event: 2.037 GC heap after
{Heap after GC invocations=2 (full 0):
 garbage-first heap   total 96256K, used 9055K [0x00000000a2400000, 0x0000000100000000)
  region size 1024K, 2 young (2048K), 2 survivors (2048K)
 Metaspace       used 11480K, committed 11712K, reserved 1064960K
  class space    used 1455K, committed 1536K, reserved 1048576K
}

Dll operation events (12 events):
Event: 0.014 Loaded shared library C:\Users\anish\.jdks\corretto-17.0.5\bin\java.dll
Event: 0.023 Loaded shared library C:\Users\anish\.jdks\corretto-17.0.5\bin\jsvml.dll
Event: 0.156 Loaded shared library C:\Users\anish\.jdks\corretto-17.0.5\bin\zip.dll
Event: 0.160 Loaded shared library C:\Users\anish\.jdks\corretto-17.0.5\bin\instrument.dll
Event: 0.170 Loaded shared library C:\Users\anish\.jdks\corretto-17.0.5\bin\net.dll
Event: 0.171 Loaded shared library C:\Users\anish\.jdks\corretto-17.0.5\bin\nio.dll
Event: 0.175 Loaded shared library C:\Users\anish\.jdks\corretto-17.0.5\bin\zip.dll
Event: 0.432 Loaded shared library C:\Users\anish\AppData\Local\JetBrains\Toolbox\apps\IDEA-C\ch-0\223.8617.56\bin\breakgen64.dll
Event: 0.503 Loaded shared library C:\Users\anish\.jdks\corretto-17.0.5\bin\verify.dll
Event: 0.511 Loaded shared library C:\Users\anish\.jdks\corretto-17.0.5\bin\jimage.dll
Event: 1.734 Loaded shared library C:\Users\anish\.jdks\corretto-17.0.5\bin\management.dll
Event: 1.740 Loaded shared library C:\Users\anish\.jdks\corretto-17.0.5\bin\management_ext.dll

Deoptimization events (20 events):
Event: 2.165 Thread 0x0000024523ae7ae0 Uncommon trap: trap_request=0xffffff45 fr.pc=0x0000024533114598 relative=0x00000000000001f8
Event: 2.165 Thread 0x0000024523ae7ae0 Uncommon trap: reason=unstable_if action=reinterpret pc=0x0000024533114598 method=java.util.StringTokenizer.skipDelimiters(I)I @ 64 c2
Event: 2.165 Thread 0x0000024523ae7ae0 DEOPT PACKING pc=0x0000024533114598 sp=0x000000aaf9afdeb0
Event: 2.165 Thread 0x0000024523ae7ae0 DEOPT UNPACKING pc=0x000002452b6223a3 sp=0x000000aaf9afde40 mode 2
Event: 2.216 Thread 0x0000024542900220 Uncommon trap: trap_request=0xffffffc6 fr.pc=0x000002453313fcc4 relative=0x0000000000000ec4
Event: 2.216 Thread 0x0000024542900220 Uncommon trap: reason=bimorphic_or_optimized_type_check action=maybe_recompile pc=0x000002453313fcc4 method=java.util.HashMap.putVal(ILjava/lang/Object;Ljava/lang/Object;ZZ)Ljava/lang/Object; @ 91 c2
Event: 2.216 Thread 0x0000024542900220 DEOPT PACKING pc=0x000002453313fcc4 sp=0x000000aafb4fecb0
Event: 2.216 Thread 0x0000024542900220 DEOPT UNPACKING pc=0x000002452b6223a3 sp=0x000000aafb4fec40 mode 2
Event: 2.216 Thread 0x0000024542900220 Uncommon trap: trap_request=0xffffffc6 fr.pc=0x000002453313fcc4 relative=0x0000000000000ec4
Event: 2.217 Thread 0x0000024542900220 Uncommon trap: reason=bimorphic_or_optimized_type_check action=maybe_recompile pc=0x000002453313fcc4 method=java.util.HashMap.putVal(ILjava/lang/Object;Ljava/lang/Object;ZZ)Ljava/lang/Object; @ 91 c2
Event: 2.217 Thread 0x0000024542900220 DEOPT PACKING pc=0x000002453313fcc4 sp=0x000000aafb4fecb0
Event: 2.217 Thread 0x0000024542900220 DEOPT UNPACKING pc=0x000002452b6223a3 sp=0x000000aafb4fec40 mode 2
Event: 2.217 Thread 0x0000024523ae7ae0 Uncommon trap: trap_request=0xffffffc6 fr.pc=0x000002453313fcc4 relative=0x0000000000000ec4
Event: 2.217 Thread 0x0000024523ae7ae0 Uncommon trap: reason=bimorphic_or_optimized_type_check action=maybe_recompile pc=0x000002453313fcc4 method=java.util.HashMap.putVal(ILjava/lang/Object;Ljava/lang/Object;ZZ)Ljava/lang/Object; @ 91 c2
Event: 2.217 Thread 0x0000024523ae7ae0 DEOPT PACKING pc=0x000002453313fcc4 sp=0x000000aaf9afe550
Event: 2.217 Thread 0x0000024523ae7ae0 DEOPT UNPACKING pc=0x000002452b6223a3 sp=0x000000aaf9afe4e0 mode 2
Event: 2.217 Thread 0x0000024523ae7ae0 Uncommon trap: trap_request=0xffffffc6 fr.pc=0x000002453313fcc4 relative=0x0000000000000ec4
Event: 2.217 Thread 0x0000024523ae7ae0 Uncommon trap: reason=bimorphic_or_optimized_type_check action=maybe_recompile pc=0x000002453313fcc4 method=java.util.HashMap.putVal(ILjava/lang/Object;Ljava/lang/Object;ZZ)Ljava/lang/Object; @ 91 c2
Event: 2.217 Thread 0x0000024523ae7ae0 DEOPT PACKING pc=0x000002453313fcc4 sp=0x000000aaf9afe5e0
Event: 2.217 Thread 0x0000024523ae7ae0 DEOPT UNPACKING pc=0x000002452b6223a3 sp=0x000000aaf9afe570 mode 2

Classes unloaded (0 events):
No events

Classes redefined (0 events):
No events

Internal exceptions (20 events):
Event: 2.010 Thread 0x0000024523ae7ae0 Implicit null exception at 0x00000245330d508f to 0x00000245330d5109
Event: 2.116 Thread 0x0000024523ae7ae0 Exception <a 'java/lang/ClassNotFoundException'{0x00000000a7d9c760}: java/lang/ObjectCustomizer> (0x00000000a7d9c760) 
thrown [s\src\hotspot\share\classfile\systemDictionary.cpp, line 256]
Event: 2.121 Thread 0x0000024523ae7ae0 Exception <a 'java/lang/IncompatibleClassChangeError'{0x00000000a7da14d0}: Found class java.lang.Object, but interface was expected> (0x00000000a7da14d0) 
thrown [s\src\hotspot\share\interpreter\linkResolver.cpp, line 826]
Event: 2.128 Thread 0x0000024523ae7ae0 Exception <a 'java/lang/ClassNotFoundException'{0x00000000a7b042c8}: org/springframework/context/annotation/ConfigurationClassPostProcessorCustomizer> (0x00000000a7b042c8) 
thrown [s\src\hotspot\share\classfile\systemDictionary.cpp, line 256]
Event: 2.130 Thread 0x0000024523ae7ae0 Exception <a 'java/lang/ClassNotFoundException'{0x00000000a7b1aae0}: org/springframework/beans/factory/support/BeanDefinitionRegistryPostProcessorCustomizer> (0x00000000a7b1aae0) 
thrown [s\src\hotspot\share\classfile\systemDictionary.cpp, line 256]
Event: 2.131 Thread 0x0000024523ae7ae0 Exception <a 'java/lang/ClassNotFoundException'{0x00000000a7b205a0}: org/springframework/beans/factory/config/BeanFactoryPostProcessorCustomizer> (0x00000000a7b205a0) 
thrown [s\src\hotspot\share\classfile\systemDictionary.cpp, line 256]
Event: 2.131 Thread 0x0000024523ae7ae0 Exception <a 'java/lang/ClassNotFoundException'{0x00000000a7b25cd8}: org/springframework/core/PriorityOrderedCustomizer> (0x00000000a7b25cd8) 
thrown [s\src\hotspot\share\classfile\systemDictionary.cpp, line 256]
Event: 2.131 Thread 0x0000024523ae7ae0 Exception <a 'java/lang/ClassNotFoundException'{0x00000000a7b2a098}: org/springframework/core/OrderedCustomizer> (0x00000000a7b2a098) 
thrown [s\src\hotspot\share\classfile\systemDictionary.cpp, line 256]
Event: 2.132 Thread 0x0000024523ae7ae0 Exception <a 'java/lang/ClassNotFoundException'{0x00000000a7b2f720}: org/springframework/context/ResourceLoaderAwareCustomizer> (0x00000000a7b2f720) 
thrown [s\src\hotspot\share\classfile\systemDictionary.cpp, line 256]
Event: 2.133 Thread 0x0000024523ae7ae0 Exception <a 'java/lang/ClassNotFoundException'{0x00000000a7b35040}: org/springframework/beans/factory/AwareCustomizer> (0x00000000a7b35040) 
thrown [s\src\hotspot\share\classfile\systemDictionary.cpp, line 256]
Event: 2.133 Thread 0x0000024523ae7ae0 Exception <a 'java/lang/ClassNotFoundException'{0x00000000a7b397f8}: org/springframework/context/ApplicationStartupAwareCustomizer> (0x00000000a7b397f8) 
thrown [s\src\hotspot\share\classfile\systemDictionary.cpp, line 256]
Event: 2.134 Thread 0x0000024523ae7ae0 Exception <a 'java/lang/ClassNotFoundException'{0x00000000a7b3f3a0}: org/springframework/beans/factory/AwareCustomizer> (0x00000000a7b3f3a0) 
thrown [s\src\hotspot\share\classfile\systemDictionary.cpp, line 256]
Event: 2.134 Thread 0x0000024523ae7ae0 Exception <a 'java/lang/ClassNotFoundException'{0x00000000a7b43c80}: org/springframework/beans/factory/BeanClassLoaderAwareCustomizer> (0x00000000a7b43c80) 
thrown [s\src\hotspot\share\classfile\systemDictionary.cpp, line 256]
Event: 2.135 Thread 0x0000024523ae7ae0 Exception <a 'java/lang/ClassNotFoundException'{0x00000000a7b49588}: org/springframework/beans/factory/AwareCustomizer> (0x00000000a7b49588) 
thrown [s\src\hotspot\share\classfile\systemDictionary.cpp, line 256]
Event: 2.135 Thread 0x0000024523ae7ae0 Exception <a 'java/lang/ClassNotFoundException'{0x00000000a7b4db28}: org/springframework/context/EnvironmentAwareCustomizer> (0x00000000a7b4db28) 
thrown [s\src\hotspot\share\classfile\systemDictionary.cpp, line 256]
Event: 2.136 Thread 0x0000024523ae7ae0 Exception <a 'java/lang/ClassNotFoundException'{0x00000000a7b533c8}: org/springframework/beans/factory/AwareCustomizer> (0x00000000a7b533c8) 
thrown [s\src\hotspot\share\classfile\systemDictionary.cpp, line 256]
Event: 2.162 Thread 0x0000024523ae7ae0 Exception <a 'java/lang/NoSuchMethodError'{0x00000000a794d158}: 'java.lang.Object java.lang.invoke.DirectMethodHandle$Holder.invokeVirtual(java.lang.Object, java.lang.Object, java.lang.Object)'> (0x00000000a794d158) 
thrown [s\src\hotspot\share\interpreter\linkResolver.cpp, line 759]
Event: 2.271 Thread 0x0000024542900220 Exception <a 'java/lang/NoSuchMethodError'{0x00000000a727a710}: 'java.lang.Object java.lang.invoke.DirectMethodHandle$Holder.invokeStaticInit(java.lang.Object, java.lang.Object, java.lang.Object, java.lang.Object, java.lang.Object)'> (0x00000000a727a710) 
thrown [s\src\hotspot\share\interpreter\linkResolver.cpp, line 759]
Event: 2.309 Thread 0x0000024523ae7ae0 Exception <a 'java/lang/NoClassDefFoundError'{0x00000000a6fe0f90}: javax/servlet/Filter> (0x00000000a6fe0f90) 
thrown [s\src\hotspot\share\classfile\systemDictionary.cpp, line 245]
Event: 2.330 Thread 0x0000024523ae7ae0 Exception <a 'java/lang/IncompatibleClassChangeError'{0x00000000a6dc2c38}: Found class java.lang.Object, but interface was expected> (0x00000000a6dc2c38) 
thrown [s\src\hotspot\share\interpreter\linkResolver.cpp, line 826]

VM Operations (20 events):
Event: 1.095 Executing VM operation: G1CollectForAllocation
Event: 1.112 Executing VM operation: G1CollectForAllocation done
Event: 1.236 Executing VM operation: HandshakeAllThreads
Event: 1.236 Executing VM operation: HandshakeAllThreads done
Event: 1.278 Executing VM operation: HandshakeAllThreads
Event: 1.278 Executing VM operation: HandshakeAllThreads done
Event: 1.606 Executing VM operation: HandshakeAllThreads
Event: 1.606 Executing VM operation: HandshakeAllThreads done
Event: 1.804 Executing VM operation: ICBufferFull
Event: 1.804 Executing VM operation: ICBufferFull done
Event: 2.018 Executing VM operation: HandshakeAllThreads
Event: 2.018 Executing VM operation: HandshakeAllThreads done
Event: 2.030 Executing VM operation: G1CollectForAllocation
Event: 2.038 Executing VM operation: G1CollectForAllocation done
Event: 2.069 Executing VM operation: HandshakeAllThreads
Event: 2.069 Executing VM operation: HandshakeAllThreads done
Event: 2.124 Executing VM operation: HandshakeAllThreads
Event: 2.124 Executing VM operation: HandshakeAllThreads done
Event: 2.154 Executing VM operation: HandshakeAllThreads
Event: 2.154 Executing VM operation: HandshakeAllThreads done

Events (20 events):
Event: 2.292 loading class jdk/xml/internal/JdkProperty$State done
Event: 2.292 loading class com/sun/org/apache/xalan/internal/utils/XMLSecurityPropertyManager
Event: 2.292 loading class com/sun/org/apache/xalan/internal/utils/FeaturePropertyBase
Event: 2.292 loading class com/sun/org/apache/xalan/internal/utils/FeaturePropertyBase done
Event: 2.292 loading class com/sun/org/apache/xalan/internal/utils/XMLSecurityPropertyManager done
Event: 2.292 loading class com/sun/org/apache/xalan/internal/utils/FeaturePropertyBase$State
Event: 2.292 loading class com/sun/org/apache/xalan/internal/utils/FeaturePropertyBase$State done
Event: 2.292 loading class com/sun/org/apache/xalan/internal/utils/XMLSecurityPropertyManager$Property
Event: 2.293 loading class com/sun/org/apache/xalan/internal/utils/XMLSecurityPropertyManager$Property done
Event: 2.293 Thread 0x0000024542988ce0 Thread exited: 0x0000024542988ce0
Event: 2.293 loading class jdk/xml/internal/XMLSecurityManager
Event: 2.293 loading class jdk/xml/internal/XMLSecurityManager done
Event: 2.293 loading class jdk/xml/internal/XMLSecurityManager$Limit
Event: 2.293 loading class jdk/xml/internal/XMLSecurityManager$Limit done
Event: 2.294 loading class jdk/xml/internal/XMLSecurityManager$Processor
Event: 2.294 loading class jdk/xml/internal/XMLSecurityManager$Processor done
Event: 2.294 loading class jdk/xml/internal/XMLSecurityManager$NameMap
Event: 2.294 loading class jdk/xml/internal/XMLSecurityManager$NameMap done
Event: 2.294 loading class jdk/xml/internal/JdkProperty
Event: 2.294 loading class jdk/xml/internal/JdkProperty done


Dynamic libraries:
0x00007ff70caa0000 - 0x00007ff70caad000 	C:\Users\anish\.jdks\corretto-17.0.5\bin\java.exe
0x00007ff9c59b0000 - 0x00007ff9c5bc4000 	C:\WINDOWS\SYSTEM32\ntdll.dll
0x00007ff9c3870000 - 0x00007ff9c3933000 	C:\WINDOWS\System32\KERNEL32.DLL
0x00007ff9c33b0000 - 0x00007ff9c374c000 	C:\WINDOWS\System32\KERNELBASE.dll
0x00007ff9c3050000 - 0x00007ff9c3161000 	C:\WINDOWS\System32\ucrtbase.dll
0x00007ff963800000 - 0x00007ff963815000 	C:\Users\anish\.jdks\corretto-17.0.5\bin\VCRUNTIME140.dll
0x00007ff967740000 - 0x00007ff967757000 	C:\Users\anish\.jdks\corretto-17.0.5\bin\jli.dll
0x00007ff9c3e80000 - 0x00007ff9c402d000 	C:\WINDOWS\System32\USER32.dll
0x00007ff9c3380000 - 0x00007ff9c33a6000 	C:\WINDOWS\System32\win32u.dll
0x00007ff9b2800000 - 0x00007ff9b2a8e000 	C:\WINDOWS\WinSxS\amd64_microsoft.windows.common-controls_6595b64144ccf1df_6.0.22621.608_none_a9444ca7c10bb01d\COMCTL32.dll
0x00007ff9c3a60000 - 0x00007ff9c3a89000 	C:\WINDOWS\System32\GDI32.dll
0x00007ff9c5480000 - 0x00007ff9c5527000 	C:\WINDOWS\System32\msvcrt.dll
0x00007ff9c2e70000 - 0x00007ff9c2f82000 	C:\WINDOWS\System32\gdi32full.dll
0x00007ff9c3170000 - 0x00007ff9c320a000 	C:\WINDOWS\System32\msvcp_win.dll
0x00007ff9c4550000 - 0x00007ff9c4582000 	C:\WINDOWS\System32\IMM32.DLL
0x00007ff92b880000 - 0x00007ff92b91b000 	C:\Users\anish\.jdks\corretto-17.0.5\bin\msvcp140.dll
0x00007ff903650000 - 0x00007ff904264000 	C:\Users\anish\.jdks\corretto-17.0.5\bin\server\jvm.dll
0x00007ff9c3940000 - 0x00007ff9c39ee000 	C:\WINDOWS\System32\ADVAPI32.dll
0x00007ff9c4590000 - 0x00007ff9c4634000 	C:\WINDOWS\System32\sechost.dll
0x00007ff9c5360000 - 0x00007ff9c5475000 	C:\WINDOWS\System32\RPCRT4.dll
0x00007ff9be280000 - 0x00007ff9be289000 	C:\WINDOWS\SYSTEM32\WSOCK32.dll
0x00007ff9c5730000 - 0x00007ff9c57a1000 	C:\WINDOWS\System32\WS2_32.dll
0x00007ff9bbcc0000 - 0x00007ff9bbcf4000 	C:\WINDOWS\SYSTEM32\WINMM.dll
0x00007ff9bac80000 - 0x00007ff9bac8a000 	C:\WINDOWS\SYSTEM32\VERSION.dll
0x00007ff9c1d70000 - 0x00007ff9c1d88000 	C:\WINDOWS\SYSTEM32\kernel.appcore.dll
0x00007ff9a61b0000 - 0x00007ff9a61ba000 	C:\Users\anish\.jdks\corretto-17.0.5\bin\jimage.dll
0x00007ff9c0870000 - 0x00007ff9c0a9e000 	C:\WINDOWS\SYSTEM32\DBGHELP.DLL
0x00007ff9c4640000 - 0x00007ff9c49ca000 	C:\WINDOWS\System32\combase.dll
0x00007ff9c5650000 - 0x00007ff9c5727000 	C:\WINDOWS\System32\OLEAUT32.dll
0x00007ff9aad60000 - 0x00007ff9aad92000 	C:\WINDOWS\SYSTEM32\dbgcore.DLL
0x00007ff9c2df0000 - 0x00007ff9c2e6b000 	C:\WINDOWS\System32\bcryptPrimitives.dll
0x00007ff9b50e0000 - 0x00007ff9b50ee000 	C:\Users\anish\.jdks\corretto-17.0.5\bin\instrument.dll
0x00007ff96ad30000 - 0x00007ff96ad55000 	C:\Users\anish\.jdks\corretto-17.0.5\bin\java.dll
0x00007ff904910000 - 0x00007ff9049e6000 	C:\Users\anish\.jdks\corretto-17.0.5\bin\jsvml.dll
0x00007ff9c4a40000 - 0x00007ff9c522f000 	C:\WINDOWS\System32\SHELL32.dll
0x00007ff9c0dc0000 - 0x00007ff9c1688000 	C:\WINDOWS\SYSTEM32\windows.storage.dll
0x00007ff9c0c80000 - 0x00007ff9c0dbe000 	C:\WINDOWS\SYSTEM32\wintypes.dll
0x00007ff9c3b40000 - 0x00007ff9c3c31000 	C:\WINDOWS\System32\SHCORE.dll
0x00007ff9c3a00000 - 0x00007ff9c3a5e000 	C:\WINDOWS\System32\shlwapi.dll
0x00007ff9c2d20000 - 0x00007ff9c2d41000 	C:\WINDOWS\SYSTEM32\profapi.dll
0x00007ff9650e0000 - 0x00007ff9650f8000 	C:\Users\anish\.jdks\corretto-17.0.5\bin\zip.dll
0x00007ff9630b0000 - 0x00007ff9630c9000 	C:\Users\anish\.jdks\corretto-17.0.5\bin\net.dll
0x00007ff9bb410000 - 0x00007ff9bb53f000 	C:\WINDOWS\SYSTEM32\WINHTTP.dll
0x00007ff9c2260000 - 0x00007ff9c22c9000 	C:\WINDOWS\system32\mswsock.dll
0x00007ff95ca70000 - 0x00007ff95ca85000 	C:\Users\anish\.jdks\corretto-17.0.5\bin\nio.dll
0x00007ff97fe00000 - 0x00007ff97fe1a000 	C:\Users\anish\AppData\Local\JetBrains\Toolbox\apps\IDEA-C\ch-0\223.8617.56\bin\breakgen64.dll
0x00007ff99f0a0000 - 0x00007ff99f0b0000 	C:\Users\anish\.jdks\corretto-17.0.5\bin\verify.dll
0x00007ff9c1920000 - 0x00007ff9c194d000 	C:\WINDOWS\SYSTEM32\IPHLPAPI.DLL
0x00007ff9c3cd0000 - 0x00007ff9c3cd9000 	C:\WINDOWS\System32\NSI.dll
0x00007ff9bb260000 - 0x00007ff9bb279000 	C:\WINDOWS\SYSTEM32\dhcpcsvc6.DLL
0x00007ff9bb240000 - 0x00007ff9bb25f000 	C:\WINDOWS\SYSTEM32\dhcpcsvc.DLL
0x00007ff9c1950000 - 0x00007ff9c1a43000 	C:\WINDOWS\SYSTEM32\DNSAPI.dll
0x00007ff9b8600000 - 0x00007ff9b860a000 	C:\Windows\System32\rasadhlp.dll
0x00007ff9badd0000 - 0x00007ff9bae53000 	C:\WINDOWS\System32\fwpuclnt.dll
0x00007ff9bdae0000 - 0x00007ff9bdae9000 	C:\Users\anish\.jdks\corretto-17.0.5\bin\management.dll
0x00007ff9b5150000 - 0x00007ff9b515b000 	C:\Users\anish\.jdks\corretto-17.0.5\bin\management_ext.dll
0x00007ff9c49d0000 - 0x00007ff9c49d8000 	C:\WINDOWS\System32\PSAPI.DLL
0x00007ff9a43a0000 - 0x00007ff9a43b7000 	C:\WINDOWS\system32\napinsp.dll
0x00007ff9a4100000 - 0x00007ff9a411b000 	C:\WINDOWS\system32\pnrpnsp.dll
0x00007ff9a2120000 - 0x00007ff9a2131000 	C:\WINDOWS\System32\winrnr.dll
0x00007ff9a2100000 - 0x00007ff9a2115000 	C:\WINDOWS\system32\wshbth.dll
0x00007ff9a20d0000 - 0x00007ff9a20f1000 	C:\WINDOWS\system32\nlansp_c.dll

dbghelp: loaded successfully - version: 4.0.5 - missing functions: none
symbol engine: initialized successfully - sym options: 0x614 - pdb path: .;C:\Users\anish\.jdks\corretto-17.0.5\bin;C:\WINDOWS\SYSTEM32;C:\WINDOWS\WinSxS\amd64_microsoft.windows.common-controls_6595b64144ccf1df_6.0.22621.608_none_a9444ca7c10bb01d;C:\Users\anish\.jdks\corretto-17.0.5\bin\server;C:\Users\anish\AppData\Local\JetBrains\Toolbox\apps\IDEA-C\ch-0\223.8617.56\bin

VM Arguments:
jvm_args: -javaagent:C:\Users\anish\AppData\Local\JetBrains\Toolbox\apps\IDEA-C\ch-0\223.8617.56\lib\idea_rt.jar=64799:C:\Users\anish\AppData\Local\JetBrains\Toolbox\apps\IDEA-C\ch-0\223.8617.56\bin -Dfile.encoding=UTF-8 
java_command: com.bej.springcloudapigateway.SpringCloudApiGatewayApplication
java_class_path (initial): D:\Pre-Project\Ecommerce_Furniture_Project\SpringCloudAPIGateway\target\classes;C:\Users\anish\.m2\repository\org\springframework\cloud\spring-cloud-starter-gateway\3.1.4\spring-cloud-starter-gateway-3.1.4.jar;C:\Users\anish\.m2\repository\org\springframework\cloud\spring-cloud-starter\3.1.4\spring-cloud-starter-3.1.4.jar;C:\Users\anish\.m2\repository\org\springframework\boot\spring-boot-starter\2.7.8\spring-boot-starter-2.7.8.jar;C:\Users\anish\.m2\repository\org\springframework\boot\spring-boot\2.7.8\spring-boot-2.7.8.jar;C:\Users\anish\.m2\repository\org\springframework\spring-context\5.3.25\spring-context-5.3.25.jar;C:\Users\anish\.m2\repository\org\springframework\spring-aop\5.3.25\spring-aop-5.3.25.jar;C:\Users\anish\.m2\repository\org\springframework\spring-expression\5.3.25\spring-expression-5.3.25.jar;C:\Users\anish\.m2\repository\org\springframework\boot\spring-boot-autoconfigure\2.7.8\spring-boot-autoconfigure-2.7.8.jar;C:\Users\anish\.m2\repository\org\springframework\boot\spring-boot-starter-logging\2.7.8\spring-boot-starter-logging-2.7.8.jar;C:\Users\anish\.m2\repository\ch\qos\logback\logback-classic\1.2.11\logback-classic-1.2.11.jar;C:\Users\anish\.m2\repository\ch\qos\logback\logback-core\1.2.11\logback-core-1.2.11.jar;C:\Users\anish\.m2\repository\org\apache\logging\log4j\log4j-to-slf4j\2.17.2\log4j-to-slf4j-2.17.2.jar;C:\Users\anish\.m2\repository\org\apache\logging\log4j\log4j-api\2.17.2\log4j-api-2.17.2.jar;C:\Users\anish\.m2\repository\org\slf4j\jul-to-slf4j\1.7.36\jul-to-slf4j-1.7.36.jar;C:\Users\anish\.m2\repository\jakarta\annotation\jakarta.annotation-api\1.3.5\jakarta.annotation-api-1.3.5.jar;C:\Users\anish\.m2\repository\org\springframework\spring-core\5.3.25\spring-core-5.3.25.jar;C:\Users\anish\.m2\repository\org\springframework\spring-jcl\5.3.25\spring-jcl-5.3.25.jar;C:\Users\anish\.m2\repository\org\yaml\snakeyaml\1.30\snakeyaml-1.30.jar;C:\Users\anish\.m2\repository\org\springframework\cloud\spring-cloud-
Launcher Type: SUN_STANDARD

[Global flags]
     intx CICompilerCount                          = 4                                         {product} {ergonomic}
     uint ConcGCThreads                            = 3                                         {product} {ergonomic}
     uint G1ConcRefinementThreads                  = 10                                        {product} {ergonomic}
   size_t G1HeapRegionSize                         = 1048576                                   {product} {ergonomic}
    uintx GCDrainStackTargetSize                   = 64                                        {product} {ergonomic}
   size_t InitialHeapSize                          = 98566144                                  {product} {ergonomic}
   size_t MarkStackSize                            = 4194304                                   {product} {ergonomic}
   size_t MaxHeapSize                              = 1572864000                                {product} {ergonomic}
   size_t MaxNewSize                               = 943718400                                 {product} {ergonomic}
   size_t MinHeapDeltaBytes                        = 1048576                                   {product} {ergonomic}
   size_t MinHeapSize                              = 8388608                                   {product} {ergonomic}
    uintx NonNMethodCodeHeapSize                   = 5839372                                {pd product} {ergonomic}
    uintx NonProfiledCodeHeapSize                  = 122909434                              {pd product} {ergonomic}
    uintx ProfiledCodeHeapSize                     = 122909434                              {pd product} {ergonomic}
    uintx ReservedCodeCacheSize                    = 251658240                              {pd product} {ergonomic}
     bool SegmentedCodeCache                       = true                                      {product} {ergonomic}
   size_t SoftMaxHeapSize                          = 1572864000                             {manageable} {ergonomic}
     bool UseCompressedClassPointers               = true                           {product lp64_product} {ergonomic}
     bool UseCompressedOops                        = true                           {product lp64_product} {ergonomic}
     bool UseG1GC                                  = true                                      {product} {ergonomic}
     bool UseLargePagesIndividualAllocation        = false                                  {pd product} {ergonomic}

Logging:
Log output configuration:
 #0: stdout all=warning uptime,level,tags
 #1: stderr all=off uptime,level,tags

Environment Variables:
JAVA_HOME=C:\Program Files\Java\jdk-19
PATH=C:\Program Files\MongoDB\mongosh-1.6.2-win32-x64\bin;C:\Program Files\nodejs\;C:\WINDOWS\system32;C:\WINDOWS\System32\WindowsPowerShell\v1.0\;C:\WINDOWS\System32\Wbem;C:\WINDOWS;C:\Program Files\Docker\Docker\resources\bin;C:\WINDOWS\System32\OpenSSH\;C:\Program Files\Erlang OTP\bin;;C:\Program Files\NVIDIA Corporation\NVIDIA NvDLISR;C:\Program Files\MySQL\MySQL Shell 8.0\bin\;C:\Users\anish\AppData\Local\Microsoft\WindowsApps;C:\Users\anish\AppData\Local\Programs\Microsoft VS Code\bin;C:\Users\anish\AppData\Local\JetBrains\Toolbox\scripts;C:\Users\anish\AppData\Roaming\npm
USERNAME=anish
OS=Windows_NT
PROCESSOR_IDENTIFIER=AMD64 Family 25 Model 80 Stepping 0, AuthenticAMD
TMP=C:\Users\anish\AppData\Local\Temp
TEMP=C:\Users\anish\AppData\Local\Temp



---------------  S Y S T E M  ---------------

OS:
 Windows 11 , 64 bit Build 22621 (10.0.22621.1194)
OS uptime: 2 days 5:20 hours
Hyper-V role detected

CPU: total 12 (initial active 12) (12 cores per cpu, 2 threads per core) family 25 model 80 stepping 0 microcode 0x0, cx8, cmov, fxsr, ht, mmx, 3dnowpref, sse, sse2, sse3, ssse3, sse4a, sse4.1, sse4.2, popcnt, lzcnt, tsc, tscinvbit, avx, avx2, aes, erms, clmul, bmi1, bmi2, adx, sha, fma, vzeroupper, clflush, clflushopt, hv

Memory: 4k page, system-wide physical 5996M (9M free)
TotalPageFile size 24428M (AvailPageFile size 22M)
current process WorkingSet (physical memory assigned to process): 114M, peak: 114M
current process commit charge ("private bytes"): 220M, peak: 220M

vm_info: OpenJDK 64-Bit Server VM (17.0.5+8-LTS) for windows-amd64 JRE (17.0.5+8-LTS), built on Oct 13 2022 05:18:14 by "Administrator" with MS VC++ 15.9 (VS2017)

END.
